<?xml version="1.0" encoding="UTF-8"?>
<!-- Generated by org.testng.reporters.JUnitReportReporter -->
<testsuite skipped="0" hostname="DESKTOP-RU6FCT1" name="testPackage.GoogleTest" tests="1" failures="0" timestamp="04 Apr 2019 02:44:39 GMT" time="6.939" errors="0">
  <testcase name="googleTitleTest" time="6.939" classname="testPackage.GoogleTest"/>
</testsuite> <!-- testPackage.GoogleTest -->
